Unity Editor version:    2020.3.17f1 (a4537701e4ab)
Branch:                  2020.3/staging
Build type:              Release
Batch mode:              YES
macOS version:           Version 11.5.2 (Build 20G95)
Darwin version:          20.6.0
Architecture:            x86_64
Running under Rosetta:   NO
Available memory:        8192 MB
Using pre-set license
Pro License: NO

COMMAND LINE ARGUMENTS:
/Applications/Unity/Hub/Editor/2020.3.17f1/Unity.app/Contents/MacOS/Unity
-adb2
-batchMode
-noUpm
-name
AssetImportWorker0
-projectPath
/Users/ooeshoutarou/Desktop/Udemy-Unity2D/Block Breaker
-logFile
Logs/AssetImportWorker0.log
-srvPort
49623
Successfully changed project path to: /Users/ooeshoutarou/Desktop/Udemy-Unity2D/Block Breaker
/Users/ooeshoutarou/Desktop/Udemy-Unity2D/Block Breaker
Using Asset Import Pipeline V2.
Refreshing native plugins compatible for Editor in 57.20 ms, found 3 plugins.
Preloading 0 native plugins for Editor in 0.00 ms.
Initialize engine version: 2020.3.17f1 (a4537701e4ab)
[Subsystems] Discovering subsystems at path /Applications/Unity/Hub/Editor/2020.3.17f1/Unity.app/Contents/Resources/UnitySubsystems
[Subsystems] Discovering subsystems at path /Users/ooeshoutarou/Desktop/Udemy-Unity2D/Block Breaker/Assets
GfxDevice: creating device client; threaded=0
2021-08-30 12:13:30.466 Unity[6800:45792] Color LCD preferred device: Intel(R) Iris(TM) Plus Graphics 655 (low power)
2021-08-30 12:13:30.466 Unity[6800:45792] Metal devices available: 1
2021-08-30 12:13:30.467 Unity[6800:45792] 0: Intel(R) Iris(TM) Plus Graphics 655 (low power)
2021-08-30 12:13:30.467 Unity[6800:45792] Using device Intel(R) Iris(TM) Plus Graphics 655 (low power)
Initializing Metal device caps: Intel(R) Iris(TM) Plus Graphics 655
Initialize mono
Mono path[0] = '/Applications/Unity/Hub/Editor/2020.3.17f1/Unity.app/Contents/Managed'
Mono path[1] = '/Applications/Unity/Hub/Editor/2020.3.17f1/Unity.app/Contents/MonoBleedingEdge/lib/mono/unityjit'
Mono config path = '/Applications/Unity/Hub/Editor/2020.3.17f1/Unity.app/Contents/MonoBleedingEdge/etc'
Using monoOptions --debugger-agent=transport=dt_socket,embedding=1,server=y,suspend=n,address=127.0.0.1:56800
Begin MonoManager ReloadAssembly
Registering precompiled unity dll's ...
Register platform support module: /Applications/Unity/Hub/Editor/2020.3.17f1/Unity.app/Contents/PlaybackEngines/MacStandaloneSupport/UnityEditor.OSXStandalone.Extensions.dll
Register platform support module: /Applications/Unity/Hub/Editor/2020.3.17f1/PlaybackEngines/WindowsStandaloneSupport/UnityEditor.WindowsStandalone.Extensions.dll
Registered in 0.002159 seconds.
Native extension for WindowsStandalone target not found
Native extension for OSXStandalone target not found
Refreshing native plugins compatible for Editor in 71.22 ms, found 3 plugins.
Preloading 0 native plugins for Editor in 0.00 ms.
Mono: successfully reloaded assembly
- Completed reload, in  3.022 seconds
Domain Reload Profiling:
	ReloadAssembly (3022ms)
		BeginReloadAssembly (73ms)
			ExecutionOrderSort (0ms)
			DisableScriptedObjects (0ms)
			BackupInstance (0ms)
			ReleaseScriptingObjects (0ms)
			CreateAndSetChildDomain (1ms)
		EndReloadAssembly (825ms)
			LoadAssemblies (73ms)
			RebuildTransferFunctionScriptingTraits (0ms)
			SetupTypeCache (321ms)
			ReleaseScriptCaches (0ms)
			RebuildScriptCaches (66ms)
			SetupLoadedEditorAssemblies (347ms)
				LogAssemblyErrors (0ms)
				InitializePlatformSupportModulesInManaged (6ms)
				SetLoadedEditorAssemblies (0ms)
				RefreshPlugins (71ms)
				BeforeProcessingInitializeOnLoad (47ms)
				ProcessInitializeOnLoadAttributes (171ms)
				ProcessInitializeOnLoadMethodAttributes (52ms)
				AfterProcessingInitializeOnLoad (0ms)
				EditorAssembliesLoaded (0ms)
			ExecutionOrderSort2 (0ms)
			AwakeInstancesAfterBackupRestoration (0ms)
Platform modules already initialized, skipping
Registering precompiled user dll's ...
Registered in 0.006894 seconds.
Begin MonoManager ReloadAssembly
Native extension for WindowsStandalone target not found
Native extension for OSXStandalone target not found
Refreshing native plugins compatible for Editor in 53.34 ms, found 3 plugins.
Preloading 0 native plugins for Editor in 0.00 ms.
Mono: successfully reloaded assembly
- Completed reload, in  1.811 seconds
Domain Reload Profiling:
	ReloadAssembly (1812ms)
		BeginReloadAssembly (235ms)
			ExecutionOrderSort (0ms)
			DisableScriptedObjects (8ms)
			BackupInstance (0ms)
			ReleaseScriptingObjects (0ms)
			CreateAndSetChildDomain (46ms)
		EndReloadAssembly (1474ms)
			LoadAssemblies (115ms)
			RebuildTransferFunctionScriptingTraits (0ms)
			SetupTypeCache (504ms)
			ReleaseScriptCaches (1ms)
			RebuildScriptCaches (92ms)
			SetupLoadedEditorAssemblies (578ms)
				LogAssemblyErrors (0ms)
				InitializePlatformSupportModulesInManaged (8ms)
				SetLoadedEditorAssemblies (0ms)
				RefreshPlugins (53ms)
				BeforeProcessingInitializeOnLoad (100ms)
				ProcessInitializeOnLoadAttributes (400ms)
				ProcessInitializeOnLoadMethodAttributes (15ms)
				AfterProcessingInitializeOnLoad (2ms)
				EditorAssembliesLoaded (0ms)
			ExecutionOrderSort2 (0ms)
			AwakeInstancesAfterBackupRestoration (9ms)
Platform modules already initialized, skipping
Validating Project structure ... 0.000470 seconds.
Shader import version has changed; will reimport all shaders...
Upgrading shader files ...0.000484 seconds.
Application.AssetDatabase Initial Script Refresh Start
RefreshInfo: InitialScriptRefreshV2(NoUpdateAssetOptions) scanfilter:  ... 1 filters
RefreshProfiler: Total: 0.000ms
Application.AssetDatabase Initial Script Refresh End
Application.AssetDatabase.Refresh Start
Application.AssetDatabase.Refresh End
RefreshInfo: StopAssetImportingV2(ForceSynchronousImport) scanfilter: 
RefreshProfiler: Total: 0.000ms
Launching external process: /Applications/Unity/Hub/Editor/2020.3.17f1/Unity.app/Contents/Tools/UnityShaderCompiler
Launched and connected shader compiler UnityShaderCompiler after 0.02 seconds
Initializing Unity extensions:
========================================================================
Worker process is ready to serve import requests
Refreshing native plugins compatible for Editor in 0.40 ms, found 3 plugins.
Preloading 0 native plugins for Editor in 0.00 ms.
Unloading 2093 Unused Serialized files (Serialized files now loaded: 0)
System memory in use before: 199.1 MB.
System memory in use after: 198.2 MB.

Unloading 102 unused Assets to reduce memory usage. Loaded Objects now: 2569.
Total: 5.626285 ms (FindLiveObjects: 0.225177 ms CreateObjectMapping: 0.088478 ms MarkObjects: 4.753192 ms  DeleteObjects: 0.558106 ms)

AssetImportParameters requested are different than current active one (requested -> active):
  custom:video-decoder-ogg-theora: a1e56fd34408186e4bbccfd4996cb3dc -> 
  custom:container-muxer-webm: aa71ff27fc2769a1b78a27578f13a17b -> 
  custom:container-demuxer-webm: 4f35f7cbe854078d1ac9338744f61a02 -> 
  custom:container-demuxer-ogg: 62fdf1f143b41e24485cea50d1cbac27 -> 
  custom:video-encoder-webm-vp8: eb34c28f22e8b96e1ab97ce403110664 -> 
  custom:framework-osx-AVFoundation: e770b220cccbd017edd2c1fefb359320 -> 
  custom:video-decoder-webm-vp8: 9c59270c3fd7afecdb556c50c9e8de78 -> 
  custom:audio-decoder-ogg-vorbis: bf7c407c2cedff20999df2af8eb42d56 -> 
  custom:audio-encoder-webm-vorbis: bf7c407c2cedff20999df2af8eb42d56 -> 
========================================================================
Received Import Request.
  path: Assets/Scripts
  artifactKey: Guid(b780726e261574da887473c1889582ba) Importer(815301076,1909f56bfc062723c751e8b465ee728b)
Start importing Assets/Scripts using Guid(b780726e261574da887473c1889582ba) Importer(815301076,1909f56bfc062723c751e8b465ee728b)  -> (artifact id: '57842ab8aea7587388a2ecf5a188039d') in 0.004928 seconds 
  Import took 0.010219 seconds .

========================================================================
Received Import Request.
  Time since last request: 0.000260 seconds.
  path: Assets/Scenes
  artifactKey: Guid(72d22135840e74b41b91fdff653f042b) Importer(815301076,1909f56bfc062723c751e8b465ee728b)
Start importing Assets/Scenes using Guid(72d22135840e74b41b91fdff653f042b) Importer(815301076,1909f56bfc062723c751e8b465ee728b)  -> (artifact id: 'a16f21e93081c566091a85678302b6f1') in 0.001329 seconds 
  Import took 0.006277 seconds .

========================================================================
Received Import Request.
  Time since last request: 7.434285 seconds.
  path: Assets/Scenes/Start Menu.unity
  artifactKey: Guid(72a7cdfa3d33246efa6e4204ef703ba9) Importer(815301076,1909f56bfc062723c751e8b465ee728b)
Start importing Assets/Scenes/Start Menu.unity using Guid(72a7cdfa3d33246efa6e4204ef703ba9) Importer(815301076,1909f56bfc062723c751e8b465ee728b)  -> (artifact id: 'cc3ce817211475f22e2e110e2b85286d') in 0.022462 seconds 
  Import took 0.029247 seconds .

========================================================================
Received Import Request.
  Time since last request: 82.568730 seconds.
  path: Assets/TextMesh Pro/Resources/Fonts & Materials/LiberationSans SDF.asset
  artifactKey: Guid(8f586378b4e144a9851e7b34d9b748ee) Importer(815301076,1909f56bfc062723c751e8b465ee728b)
Start importing Assets/TextMesh Pro/Resources/Fonts & Materials/LiberationSans SDF.asset using Guid(8f586378b4e144a9851e7b34d9b748ee) Importer(815301076,1909f56bfc062723c751e8b465ee728b)  -> (artifact id: 'f1280cc7be10b532b2897fc8654f95d3') in 1.756536 seconds 
  Import took 1.762728 seconds .

========================================================================
Received Import Request.
  Time since last request: 0.005105 seconds.
  path: Assets/TextMesh Pro/Resources/Fonts & Materials/LiberationSans SDF - Fallback.asset
  artifactKey: Guid(2e498d1c8094910479dc3e1b768306a4) Importer(815301076,1909f56bfc062723c751e8b465ee728b)
Start importing Assets/TextMesh Pro/Resources/Fonts & Materials/LiberationSans SDF - Fallback.asset using Guid(2e498d1c8094910479dc3e1b768306a4) Importer(815301076,1909f56bfc062723c751e8b465ee728b)  -> (artifact id: 'b8c2210586957436df79bf961aeff06e') in 0.017534 seconds 
  Import took 0.023036 seconds .

========================================================================
Received Import Request.
  Time since last request: 42.191864 seconds.
  path: Assets/Scenes/Win Screen.unity
  artifactKey: Guid(d6bc8f7ab59c64a5790415d533f28e5c) Importer(815301076,1909f56bfc062723c751e8b465ee728b)
Start importing Assets/Scenes/Win Screen.unity using Guid(d6bc8f7ab59c64a5790415d533f28e5c) Importer(815301076,1909f56bfc062723c751e8b465ee728b)  -> (artifact id: '9102fbfb6546b963f4dcd3c14a12174b') in 0.001957 seconds 
  Import took 0.006977 seconds .

========================================================================
Received Import Request.
  Time since last request: 0.007735 seconds.
  path: Assets/Scenes/Win Screen.unity
  artifactKey: Guid(d6bc8f7ab59c64a5790415d533f28e5c) Importer(815301076,1909f56bfc062723c751e8b465ee728b)
Start importing Assets/Scenes/Win Screen.unity using Guid(d6bc8f7ab59c64a5790415d533f28e5c) Importer(815301076,1909f56bfc062723c751e8b465ee728b)  -> (artifact id: '9102fbfb6546b963f4dcd3c14a12174b') in 0.001764 seconds 
  Import took 0.007179 seconds .

========================================================================
Received Import Request.
  Time since last request: 242.989832 seconds.
  path: Assets/Scenes/Start Menu.unity
  artifactKey: Guid(72a7cdfa3d33246efa6e4204ef703ba9) Importer(815301076,1909f56bfc062723c751e8b465ee728b)
Start importing Assets/Scenes/Start Menu.unity using Guid(72a7cdfa3d33246efa6e4204ef703ba9) Importer(815301076,1909f56bfc062723c751e8b465ee728b)  -> (artifact id: 'cd1c0391e3b230be2fb0fad36addaecf') in 0.004049 seconds 
  Import took 0.009505 seconds .

========================================================================
Received Import Request.
  Time since last request: 0.013652 seconds.
  path: Assets/Scenes/Start Menu.unity
  artifactKey: Guid(72a7cdfa3d33246efa6e4204ef703ba9) Importer(815301076,1909f56bfc062723c751e8b465ee728b)
Start importing Assets/Scenes/Start Menu.unity using Guid(72a7cdfa3d33246efa6e4204ef703ba9) Importer(815301076,1909f56bfc062723c751e8b465ee728b)  -> (artifact id: 'cd1c0391e3b230be2fb0fad36addaecf') in 0.003619 seconds 
  Import took 0.011373 seconds .

========================================================================
Received Import Request.
  Time since last request: 352.290318 seconds.
  path: Assets/Scenes/Win Screen.unity
  artifactKey: Guid(d6bc8f7ab59c64a5790415d533f28e5c) Importer(815301076,1909f56bfc062723c751e8b465ee728b)
Start importing Assets/Scenes/Win Screen.unity using Guid(d6bc8f7ab59c64a5790415d533f28e5c) Importer(815301076,1909f56bfc062723c751e8b465ee728b)  -> (artifact id: '97a7f247cf70a547d686fd3e2d0a26a1') in 0.004422 seconds 
  Import took 0.010428 seconds .

========================================================================
Received Import Request.
  Time since last request: 0.735769 seconds.
  path: Assets/Scenes/Start Menu.unity
  artifactKey: Guid(72a7cdfa3d33246efa6e4204ef703ba9) Importer(815301076,1909f56bfc062723c751e8b465ee728b)
Start importing Assets/Scenes/Start Menu.unity using Guid(72a7cdfa3d33246efa6e4204ef703ba9) Importer(815301076,1909f56bfc062723c751e8b465ee728b)  -> (artifact id: '83fae3828a37c306325dc51afbd992f6') in 0.006250 seconds 
  Import took 0.017093 seconds .

========================================================================
Received Import Request.
  Time since last request: 3.581195 seconds.
  path: Assets/Scenes/Core Game.unity
  artifactKey: Guid(74de34f31a2c34977a9d59b2ae0078da) Importer(815301076,1909f56bfc062723c751e8b465ee728b)
Start importing Assets/Scenes/Core Game.unity using Guid(74de34f31a2c34977a9d59b2ae0078da) Importer(815301076,1909f56bfc062723c751e8b465ee728b)  -> (artifact id: 'ce5958f341be10a7e33553dfe9c027fb') in 0.002862 seconds 
  Import took 0.011789 seconds .

========================================================================
Received Prepare
Registering precompiled user dll's ...
Registered in 0.008124 seconds.
Begin MonoManager ReloadAssembly
Native extension for WindowsStandalone target not found
Native extension for OSXStandalone target not found
Refreshing native plugins compatible for Editor in 0.60 ms, found 3 plugins.
Preloading 0 native plugins for Editor in 0.00 ms.
Mono: successfully reloaded assembly
- Completed reload, in  1.457 seconds
Domain Reload Profiling:
	ReloadAssembly (1457ms)
		BeginReloadAssembly (167ms)
			ExecutionOrderSort (0ms)
			DisableScriptedObjects (8ms)
			BackupInstance (0ms)
			ReleaseScriptingObjects (0ms)
			CreateAndSetChildDomain (83ms)
		EndReloadAssembly (1218ms)
			LoadAssemblies (128ms)
			RebuildTransferFunctionScriptingTraits (0ms)
			SetupTypeCache (408ms)
			ReleaseScriptCaches (1ms)
			RebuildScriptCaches (62ms)
			SetupLoadedEditorAssemblies (480ms)
				LogAssemblyErrors (0ms)
				InitializePlatformSupportModulesInManaged (6ms)
				SetLoadedEditorAssemblies (1ms)
				RefreshPlugins (1ms)
				BeforeProcessingInitializeOnLoad (133ms)
				ProcessInitializeOnLoadAttributes (331ms)
				ProcessInitializeOnLoadMethodAttributes (7ms)
				AfterProcessingInitializeOnLoad (2ms)
				EditorAssembliesLoaded (0ms)
			ExecutionOrderSort2 (0ms)
			AwakeInstancesAfterBackupRestoration (12ms)
Platform modules already initialized, skipping
Refreshing native plugins compatible for Editor in 0.46 ms, found 3 plugins.
Preloading 0 native plugins for Editor in 0.00 ms.
Unloading 2095 Unused Serialized files (Serialized files now loaded: 0)
System memory in use before: 203.7 MB.
System memory in use after: 203.2 MB.

Unloading 29 unused Assets to reduce memory usage. Loaded Objects now: 2617.
Total: 4.435468 ms (FindLiveObjects: 0.250154 ms CreateObjectMapping: 0.097834 ms MarkObjects: 3.716168 ms  DeleteObjects: 0.370157 ms)

AssetImportParameters requested are different than current active one (requested -> active):
  custom:video-decoder-ogg-theora: a1e56fd34408186e4bbccfd4996cb3dc -> 
  custom:container-muxer-webm: aa71ff27fc2769a1b78a27578f13a17b -> 
  custom:container-demuxer-webm: 4f35f7cbe854078d1ac9338744f61a02 -> 
  custom:container-demuxer-ogg: 62fdf1f143b41e24485cea50d1cbac27 -> 
  custom:video-encoder-webm-vp8: eb34c28f22e8b96e1ab97ce403110664 -> 
  custom:framework-osx-AVFoundation: e770b220cccbd017edd2c1fefb359320 -> 
  custom:video-decoder-webm-vp8: 9c59270c3fd7afecdb556c50c9e8de78 -> 
  custom:audio-decoder-ogg-vorbis: bf7c407c2cedff20999df2af8eb42d56 -> 
  custom:audio-encoder-webm-vorbis: bf7c407c2cedff20999df2af8eb42d56 -> 
========================================================================
Received Import Request.
  Time since last request: 156.319666 seconds.
  path: Assets/Scenes/Level 1.unity
  artifactKey: Guid(74de34f31a2c34977a9d59b2ae0078da) Importer(815301076,1909f56bfc062723c751e8b465ee728b)
Start importing Assets/Scenes/Level 1.unity using Guid(74de34f31a2c34977a9d59b2ae0078da) Importer(815301076,1909f56bfc062723c751e8b465ee728b)  -> (artifact id: 'a838493e5e1735d343ff6da10aacad28') in 0.012401 seconds 
  Import took 0.016614 seconds .

========================================================================
Received Import Request.
  Time since last request: 5.189508 seconds.
  path: Assets/Scenes/SampleScene.unity
  artifactKey: Guid(2cda990e2423bbf4892e6590ba056729) Importer(815301076,1909f56bfc062723c751e8b465ee728b)
Start importing Assets/Scenes/SampleScene.unity using Guid(2cda990e2423bbf4892e6590ba056729) Importer(815301076,1909f56bfc062723c751e8b465ee728b)  -> (artifact id: 'aa27944bdea339c97c39027c7eea529c') in 0.001634 seconds 
  Import took 0.007953 seconds .

========================================================================
Received Import Request.
  Time since last request: 13.558645 seconds.
  path: Assets/Scenes/Start Menu.unity
  artifactKey: Guid(72a7cdfa3d33246efa6e4204ef703ba9) Importer(815301076,1909f56bfc062723c751e8b465ee728b)
Start importing Assets/Scenes/Start Menu.unity using Guid(72a7cdfa3d33246efa6e4204ef703ba9) Importer(815301076,1909f56bfc062723c751e8b465ee728b)  -> (artifact id: '131a75270e87a2ef894eab5fefcdb4cc') in 0.002430 seconds 
  Import took 0.009258 seconds .

========================================================================
Received Import Request.
  Time since last request: 0.013602 seconds.
  path: Assets/Scenes/Start Menu.unity
  artifactKey: Guid(72a7cdfa3d33246efa6e4204ef703ba9) Importer(815301076,1909f56bfc062723c751e8b465ee728b)
Start importing Assets/Scenes/Start Menu.unity using Guid(72a7cdfa3d33246efa6e4204ef703ba9) Importer(815301076,1909f56bfc062723c751e8b465ee728b)  -> (artifact id: '131a75270e87a2ef894eab5fefcdb4cc') in 0.001558 seconds 
  Import took 0.008216 seconds .

========================================================================
Received Import Request.
  Time since last request: 276.306133 seconds.
  path: Assets/Scenes/Level 1.unity
  artifactKey: Guid(74de34f31a2c34977a9d59b2ae0078da) Importer(815301076,1909f56bfc062723c751e8b465ee728b)
Start importing Assets/Scenes/Level 1.unity using Guid(74de34f31a2c34977a9d59b2ae0078da) Importer(815301076,1909f56bfc062723c751e8b465ee728b)  -> (artifact id: 'fa024da34e84133c473cdd3ab4ec18b5') in 0.003565 seconds 
  Import took 0.009259 seconds .

========================================================================
Received Import Request.
  Time since last request: 3.598629 seconds.
  path: Assets/Scenes/Win Screen.unity
  artifactKey: Guid(d6bc8f7ab59c64a5790415d533f28e5c) Importer(815301076,1909f56bfc062723c751e8b465ee728b)
Start importing Assets/Scenes/Win Screen.unity using Guid(d6bc8f7ab59c64a5790415d533f28e5c) Importer(815301076,1909f56bfc062723c751e8b465ee728b)  -> (artifact id: 'd78b5c46610ffaca37db9ce43fda57f0') in 0.003356 seconds 
  Import took 0.013166 seconds .

========================================================================
Received Import Request.
  Time since last request: 40.230629 seconds.
  path: Assets
  artifactKey: Guid(00000000000000001000000000000000) Importer(815301076,1909f56bfc062723c751e8b465ee728b)
Start importing Assets using Guid(00000000000000001000000000000000) Importer(815301076,1909f56bfc062723c751e8b465ee728b)  -> (artifact id: '42d402b061de3733987d63b9cc3b64de') in 0.001409 seconds 
  Import took 0.008137 seconds .

========================================================================
Received Import Request.
  Time since last request: 0.000453 seconds.
  path: Assets
  artifactKey: Guid(00000000000000001000000000000000) Importer(815301076,1909f56bfc062723c751e8b465ee728b)
Start importing Assets using Guid(00000000000000001000000000000000) Importer(815301076,1909f56bfc062723c751e8b465ee728b)  -> (artifact id: '42d402b061de3733987d63b9cc3b64de') in 0.001038 seconds 
  Import took 0.005097 seconds .

========================================================================
Received Import Request.
  Time since last request: 6.374706 seconds.
  path: Assets/Sprites
  artifactKey: Guid(0ea0976c88efd412ea74ee22b9d4b30d) Importer(815301076,1909f56bfc062723c751e8b465ee728b)
Start importing Assets/Sprites using Guid(0ea0976c88efd412ea74ee22b9d4b30d) Importer(815301076,1909f56bfc062723c751e8b465ee728b)  -> (artifact id: 'f6ab131a98b6e18480444879585d01bc') in 0.003946 seconds 
  Import took 0.014399 seconds .

========================================================================
Received Import Request.
  Time since last request: 0.001034 seconds.
  path: Assets/Sprites
  artifactKey: Guid(0ea0976c88efd412ea74ee22b9d4b30d) Importer(815301076,1909f56bfc062723c751e8b465ee728b)
Start importing Assets/Sprites using Guid(0ea0976c88efd412ea74ee22b9d4b30d) Importer(815301076,1909f56bfc062723c751e8b465ee728b)  -> (artifact id: 'f6ab131a98b6e18480444879585d01bc') in 0.002694 seconds 
  Import took 0.011669 seconds .

========================================================================
Received Import Request.
  Time since last request: 69.692191 seconds.
  path: Assets/Sprites/Block Broken 1.png
  artifactKey: Guid(d1d97490129354a90a6301faba96485d) Importer(815301076,1909f56bfc062723c751e8b465ee728b)
Start importing Assets/Sprites/Block Broken 1.png using Guid(d1d97490129354a90a6301faba96485d) Importer(815301076,1909f56bfc062723c751e8b465ee728b)  -> (artifact id: 'b22aed32bb73857846407635a7d1202a') in 1.109539 seconds 
  Import took 1.116281 seconds .

========================================================================
Received Import Request.
  Time since last request: 177.670680 seconds.
  path: Assets/Sprites/Blue Rocket Background.jpg
  artifactKey: Guid(7cb67fc75dd4c42338cb4fe9dc4a4983) Importer(815301076,1909f56bfc062723c751e8b465ee728b)
Start importing Assets/Sprites/Blue Rocket Background.jpg using Guid(7cb67fc75dd4c42338cb4fe9dc4a4983) Importer(815301076,1909f56bfc062723c751e8b465ee728b)  -> (artifact id: '8f367fe4403146fa69107015c5dec938') in 1.061841 seconds 
  Import took 1.068117 seconds .

========================================================================
Received Import Request.
  Time since last request: 55.789583 seconds.
  path: Assets/Sprites/Blue Rocket Background.jpg
  artifactKey: Guid(7cb67fc75dd4c42338cb4fe9dc4a4983) Importer(815301076,1909f56bfc062723c751e8b465ee728b)
Start importing Assets/Sprites/Blue Rocket Background.jpg using Guid(7cb67fc75dd4c42338cb4fe9dc4a4983) Importer(815301076,1909f56bfc062723c751e8b465ee728b)  -> (artifact id: '609423b53df3c39dfcf18ff0d65adb12') in 0.024005 seconds 
  Import took 0.030435 seconds .

========================================================================
Received Import Request.
  Time since last request: 115.688475 seconds.
  path: Assets/Sprites/Paddle.png
  artifactKey: Guid(3fea4ef0385ca4a4e8e999a8686b75cb) Importer(815301076,1909f56bfc062723c751e8b465ee728b)
Start importing Assets/Sprites/Paddle.png using Guid(3fea4ef0385ca4a4e8e999a8686b75cb) Importer(815301076,1909f56bfc062723c751e8b465ee728b)  -> (artifact id: '3faad574d074b5775c8479bdcad29209') in 0.024238 seconds 
  Import took 0.030543 seconds .

========================================================================
Received Import Request.
  Time since last request: 42.554073 seconds.
  path: Assets/Sprites/Blue Rocket Background.jpg
  artifactKey: Guid(7cb67fc75dd4c42338cb4fe9dc4a4983) Importer(815301076,1909f56bfc062723c751e8b465ee728b)
Start importing Assets/Sprites/Blue Rocket Background.jpg using Guid(7cb67fc75dd4c42338cb4fe9dc4a4983) Importer(815301076,1909f56bfc062723c751e8b465ee728b)  -> (artifact id: '6de20e09327d77a31dac505ca1c857c3') in 0.031418 seconds 
  Import took 0.036907 seconds .

AssetImportWorkerClient::OnTransportError - code=2 error=End of file
